source 'https://rubygems.org'
# 1
# gem 'rails', '4,0,2'
# ruby-gemset=railstutorial_rails_4_0

git_source(:github) do |repo_name|
  repo_name = "#{repo_name}/#{repo_name}" unless repo_name.include?("/")
  "https://github.com/#{repo_name}.git"
end


# Bundle edge Rails instead: gem 'rails', github: 'rails/rails'
# 1
#gem 'rails', '~> 5.1.4'
gem 'rails', '4.0.2'
# Use sqlite3 as the database for Active Record
# 1
#gem 'sqlite3'

group :development do
  gem 'sqlite3', '1.3.8'
end


# Use Puma as the app server
gem 'puma', '~> 3.7'
# Use SCSS for stylesheets
# 1
# gem 'sass-rails', '~> 5.0'
gem 'sass-rails', '4.0.1'

# Use Uglifier as compressor for JavaScript assets
# 1
# gem 'uglifier', '>= 1.3.0'
gem 'uglifier', '2.1.1'

# See https://github.com/rails/execjs#readme for more supported runtimes
# gem 'therubyracer', platforms: :ruby

# Use CoffeeScript for .coffee assets and views
# 1
# gem 'coffee-rails', '~> 4.2'
gem 'coffee-rails', '4.0.1'

gem 'jquery-rails', '3.0.4'

# Turbolinks makes navigating your web application faster. Read more: https://github.com/turbolinks/turbolinks
# 1
# gem 'turbolinks', '~> 5'
gem 'turbolinks', '1.1.1'

# Build JSON APIs with ease. Read more: https://github.com/rails/jbuilder
# 1
# gem 'jbuilder', '~> 2.5'
gem 'jbuilder', '1.0.2'
  
# Use Redis adapter to run Action Cable in production
# gem 'redis', '~> 3.0'
# Use ActiveModel has_secure_password
# gem 'bcrypt', '~> 3.1.7'

# Use Capistrano for deployment
# gem 'capistrano-rails', group: :development

group :development, :test do
  # Call 'byebug' anywhere in the code to stop execution and get a debugger console
  gem 'byebug', platforms: [:mri, :mingw, :x64_mingw]
  # Adds support for Capybara system testing and selenium driver
  gem 'capybara', '~> 2.13'
  gem 'selenium-webdriver'
end

group :development do
  # Access an IRB console on exception pages or by using <%= console %> anywhere in the code.
  gem 'web-console', '>= 3.3.0'
end

# Windows does not include zoneinfo files, so bundle the tzinfo-data gem
gem 'tzinfo-data', platforms: [:mingw, :mswin, :x64_mingw, :jruby]

group :doc do
  gem 'sdoc', '0.3.20', require: false
end
